<?xml version="1.0" encoding="UTF-8"?>
<testsuite name="com.gxdxx.dto.HelloResponseDtoTest" tests="1" skipped="0" failures="0" errors="0" timestamp="2021-01-22T07:27:49" hostname="DESKTOP-6A847DT" time="0.068">
  <properties/>
  <testcase name="롬복_기능_테스트" classname="com.gxdxx.dto.HelloResponseDtoTest" time="0.068"/>
  <system-out><![CDATA[]]></system-out>
  <system-err><![CDATA[]]></system-err>
</testsuite>
